<?xml version="1.0" encoding="UTF-8"?>
<!-- Generated by org.testng.reporters.JUnitReportReporter -->
<testsuite skipped="0" hostname="User-PC" name="Example.NewTest1" tests="5" failures="0" timestamp="20 Sep 2018 22:18:06 GMT" time="15.182" errors="0">
  <testcase name="LoginToApplication" time="3.834" classname="Example.NewTest1"/>
  <testcase name="OpenApplication" time="2.723" classname="Example.NewTest1"/>
  <testcase name="OpenLoginPage" time="2.661" classname="Example.NewTest1"/>
  <testcase name="NavigateToHomePage" time="2.146" classname="Example.NewTest1"/>
  <testcase name="LogoutApplication" time="3.818" classname="Example.NewTest1"/>
</testsuite> <!-- Example.NewTest1 -->
