<?xml version="1.0" encoding="UTF-8"?>
<!-- Generated by org.testng.reporters.JUnitReportReporter -->
<testsuite skipped="0" hostname="User-PC" name="Example.Module1.NewTest1_Copy2" tests="1" failures="0" timestamp="02 Oct 2018 12:58:33 GMT" time="19.652" errors="0">
  <testcase name="TestFlow1" time="19.652" classname="Example.Module1.NewTest1_Copy2"/>
</testsuite> <!-- Example.Module1.NewTest1_Copy2 -->
