<?xml version="1.0" encoding="UTF-8"?>
<!-- Generated by org.testng.reporters.JUnitReportReporter -->
<testsuite skipped="0" hostname="User-PC" name="Example.NewTest" tests="5" failures="0" timestamp="20 Sep 2018 22:15:36 GMT" time="15.909" errors="0">
  <testcase name="LoginToApplication" time="4.016" classname="Example.NewTest"/>
  <testcase name="OpenApplication" time="3.074" classname="Example.NewTest"/>
  <testcase name="OpenLoginPage" time="2.733" classname="Example.NewTest"/>
  <testcase name="NavigateToHomePage" time="2.292" classname="Example.NewTest"/>
  <testcase name="LogoutApplication" time="3.794" classname="Example.NewTest"/>
</testsuite> <!-- Example.NewTest -->
