<?xml version="1.0" encoding="UTF-8"?>
<!-- Generated by org.testng.reporters.JUnitReportReporter -->
<testsuite skipped="0" hostname="User-PC" name="Example.Module1.NewTest5" tests="1" failures="0" timestamp="02 Oct 2018 13:57:47 GMT" time="19.741" errors="0">
  <testcase name="Module1NewTest5" time="19.741" classname="Example.Module1.NewTest5"/>
</testsuite> <!-- Example.Module1.NewTest5 -->
