<?xml version="1.0" encoding="UTF-8"?>
<!-- Generated by org.testng.reporters.JUnitReportReporter -->
<testsuite skipped="0" hostname="User-PC" name="Example.Module1.NewTest1_copy" tests="5" failures="0" timestamp="22 Sep 2018 22:48:10 GMT" time="14.999" errors="0">
  <testcase name="NavigateToHomePage" time="2.239" classname="Example.Module1.NewTest1_copy"/>
  <testcase name="LoginToApplication" time="3.766" classname="Example.Module1.NewTest1_copy"/>
  <testcase name="LogoutApplication" time="3.322" classname="Example.Module1.NewTest1_copy"/>
  <testcase name="OpenApplication" time="3.434" classname="Example.Module1.NewTest1_copy"/>
  <testcase name="OpenLoginPage" time="2.238" classname="Example.Module1.NewTest1_copy"/>
</testsuite> <!-- Example.Module1.NewTest1_copy -->
