<?xml version="1.0" encoding="UTF-8"?>
<!-- Generated by org.testng.reporters.JUnitReportReporter -->
<testsuite skipped="0" hostname="User-PC" name="Example.Module2.NewTest7" tests="1" failures="0" timestamp="02 Oct 2018 14:07:13 GMT" time="20.166" errors="0">
  <testcase name="Module2NewTest7" time="20.166" classname="Example.Module2.NewTest7"/>
</testsuite> <!-- Example.Module2.NewTest7 -->
