<?xml version="1.0" encoding="UTF-8"?>
<!-- Generated by org.testng.reporters.JUnitReportReporter -->
<testsuite skipped="0" hostname="User-PC" name="Example.Module1.NewTest4" tests="1" failures="0" timestamp="06 Oct 2018 19:13:56 GMT" time="20.684" errors="0">
  <testcase name="Module1NewTest4" time="20.684" classname="Example.Module1.NewTest4"/>
</testsuite> <!-- Example.Module1.NewTest4 -->
