<?xml version="1.0" encoding="UTF-8"?>
<!-- Generated by org.testng.reporters.JUnitReportReporter -->
<testsuite skipped="0" hostname="User-PC" name="Example.Module1.NewTest1" tests="1" failures="0" timestamp="06 Oct 2018 19:13:56 GMT" time="21.721" errors="0">
  <testcase name="Module1NewTest1" time="21.721" classname="Example.Module1.NewTest1"/>
</testsuite> <!-- Example.Module1.NewTest1 -->
